This file contains any messages produced by compilers while
running configure, to aid debugging if configure makes a mistake.

It was created by INF8601-LAB1 configure 2.1.0, which was
generated by GNU Autoconf 2.69.  Invocation command line was

  $ ./configure --enable-debug

## --------- ##
## Platform. ##
## --------- ##

hostname = louis-vm
uname -m = i686
uname -r = 4.10.0-42-generic
uname -s = Linux
uname -v = #46~16.04.1-Ubuntu SMP Mon Dec 4 15:57:59 UTC 2017

/usr/bin/uname -p = unknown
/bin/uname -X     = unknown

/bin/arch              = unknown
/usr/bin/arch -k       = unknown
/usr/convex/getsysinfo = unknown
/usr/bin/hostinfo      = unknown
/bin/machine           = unknown
/usr/bin/oslevel       = unknown
/bin/universe          = unknown

PATH: /home/louis/bin
PATH: /home/louis/.local/bin
PATH: /usr/local/sbin
PATH: /usr/local/bin
PATH: /usr/sbin
PATH: /usr/bin
PATH: /sbin
PATH: /bin
PATH: /usr/games
PATH: /usr/local/games
PATH: /snap/bin


## ----------- ##
## Core tests. ##
## ----------- ##

configure:2385: checking for a BSD-compatible install
configure:2453: result: /usr/bin/install -c
configure:2464: checking whether build environment is sane
configure:2514: result: yes
configure:2655: checking for a thread-safe mkdir -p
configure:2694: result: /bin/mkdir -p
configure:2707: checking for gawk
configure:2723: found /usr/bin/gawk
configure:2734: result: gawk
configure:2745: checking whether make sets $(MAKE)
configure:2767: result: yes
configure:2877: checking build system type
configure:2891: result: i686-pc-linux-gnu
configure:2911: checking host system type
configure:2924: result: i686-pc-linux-gnu
configure:2965: checking how to print strings
configure:2992: result: printf
configure:3025: checking for style of include used by make
configure:3053: result: GNU
configure:3124: checking for gcc
configure:3140: found /usr/bin/gcc
configure:3151: result: gcc
configure:3380: checking for C compiler version
configure:3389: gcc --version >&5
gcc (Ubuntu 5.4.0-6ubuntu1~16.04.5) 5.4.0 20160609
Copyright (C) 2015 Free Software Foundation, Inc.
This is free software; see the source for copying conditions.  There is NO
warranty; not even for MERCHANTABILITY or FITNESS FOR A PARTICULAR PURPOSE.

configure:3400: $? = 0
configure:3389: gcc -v >&5
Using built-in specs.
COLLECT_GCC=gcc
COLLECT_LTO_WRAPPER=/usr/lib/gcc/i686-linux-gnu/5/lto-wrapper
Target: i686-linux-gnu
Configured with: ../src/configure -v --with-pkgversion='Ubuntu 5.4.0-6ubuntu1~16.04.5' --with-bugurl=file:///usr/share/doc/gcc-5/README.Bugs --enable-languages=c,ada,c++,java,go,d,fortran,objc,obj-c++ --prefix=/usr --program-suffix=-5 --enable-shared --enable-linker-build-id --libexecdir=/usr/lib --without-included-gettext --enable-threads=posix --libdir=/usr/lib --enable-nls --with-sysroot=/ --enable-clocale=gnu --enable-libstdcxx-debug --enable-libstdcxx-time=yes --with-default-libstdcxx-abi=new --enable-gnu-unique-object --disable-vtable-verify --enable-libmpx --enable-plugin --with-system-zlib --disable-browser-plugin --enable-java-awt=gtk --enable-gtk-cairo --with-java-home=/usr/lib/jvm/java-1.5.0-gcj-5-i386/jre --enable-java-home --with-jvm-root-dir=/usr/lib/jvm/java-1.5.0-gcj-5-i386 --with-jvm-jar-dir=/usr/lib/jvm-exports/java-1.5.0-gcj-5-i386 --with-arch-directory=i386 --with-ecj-jar=/usr/share/java/eclipse-ecj.jar --enable-objc-gc --enable-targets=all --enable-multiarch --disable-werror --with-arch-32=i686 --with-multilib-list=m32,m64,mx32 --enable-multilib --with-tune=generic --enable-checking=release --build=i686-linux-gnu --host=i686-linux-gnu --target=i686-linux-gnu
Thread model: posix
gcc version 5.4.0 20160609 (Ubuntu 5.4.0-6ubuntu1~16.04.5) 
configure:3400: $? = 0
configure:3389: gcc -V >&5
gcc: error: unrecognized command line option '-V'
gcc: fatal error: no input files
compilation terminated.
configure:3400: $? = 1
configure:3389: gcc -qversion >&5
gcc: error: unrecognized command line option '-qversion'
gcc: fatal error: no input files
compilation terminated.
configure:3400: $? = 1
configure:3420: checking whether the C compiler works
configure:3442: gcc    conftest.c  >&5
configure:3446: $? = 0
configure:3494: result: yes
configure:3497: checking for C compiler default output file name
configure:3499: result: a.out
configure:3505: checking for suffix of executables
configure:3512: gcc -o conftest    conftest.c  >&5
configure:3516: $? = 0
configure:3538: result: 
configure:3560: checking whether we are cross compiling
configure:3568: gcc -o conftest    conftest.c  >&5
configure:3572: $? = 0
configure:3579: ./conftest
configure:3583: $? = 0
configure:3598: result: no
configure:3603: checking for suffix of object files
configure:3625: gcc -c   conftest.c >&5
configure:3629: $? = 0
configure:3650: result: o
configure:3654: checking whether we are using the GNU C compiler
configure:3673: gcc -c   conftest.c >&5
configure:3673: $? = 0
configure:3682: result: yes
configure:3691: checking whether gcc accepts -g
configure:3711: gcc -c -g  conftest.c >&5
configure:3711: $? = 0
configure:3752: result: yes
configure:3769: checking for gcc option to accept ISO C89
configure:3832: gcc  -c -g -O2  conftest.c >&5
configure:3832: $? = 0
configure:3845: result: none needed
configure:3867: checking dependency style of gcc
configure:3978: result: gcc3
configure:3993: checking for a sed that does not truncate output
configure:4057: result: /bin/sed
configure:4075: checking for grep that handles long lines and -e
configure:4133: result: /bin/grep
configure:4138: checking for egrep
configure:4200: result: /bin/grep -E
configure:4205: checking for fgrep
configure:4267: result: /bin/grep -F
configure:4302: checking for ld used by gcc
configure:4369: result: /usr/bin/ld
configure:4376: checking if the linker (/usr/bin/ld) is GNU ld
configure:4391: result: yes
configure:4403: checking for BSD- or MS-compatible name lister (nm)
configure:4452: result: /usr/bin/nm -B
configure:4582: checking the name lister (/usr/bin/nm -B) interface
configure:4589: gcc -c -g -O2  conftest.c >&5
configure:4592: /usr/bin/nm -B "conftest.o"
configure:4595: output
00000000 B some_variable
configure:4602: result: BSD nm
configure:4605: checking whether ln -s works
configure:4612: result: no, using cp -pR
configure:4617: checking the maximum length of command line arguments
configure:4748: result: 1572864
configure:4765: checking whether the shell understands some XSI constructs
configure:4775: result: yes
configure:4779: checking whether the shell understands "+="
configure:4785: result: yes
configure:4820: checking how to convert i686-pc-linux-gnu file names to i686-pc-linux-gnu format
configure:4860: result: func_convert_file_noop
configure:4867: checking how to convert i686-pc-linux-gnu file names to toolchain format
configure:4887: result: func_convert_file_noop
configure:4894: checking for /usr/bin/ld option to reload object files
configure:4901: result: -r
configure:4975: checking for objdump
configure:4991: found /usr/bin/objdump
configure:5002: result: objdump
configure:5034: checking how to recognize dependent libraries
configure:5232: result: pass_all
configure:5317: checking for dlltool
configure:5347: result: no
configure:5377: checking how to associate runtime and link libraries
configure:5404: result: printf %s\n
configure:5465: checking for ar
configure:5481: found /usr/bin/ar
configure:5492: result: ar
configure:5529: checking for archiver @FILE support
configure:5546: gcc -c -g -O2  conftest.c >&5
configure:5546: $? = 0
configure:5549: ar cru libconftest.a @conftest.lst >&5
ar: `u' modifier ignored since `D' is the default (see `U')
configure:5552: $? = 0
configure:5557: ar cru libconftest.a @conftest.lst >&5
ar: `u' modifier ignored since `D' is the default (see `U')
ar: conftest.o: No such file or directory
configure:5560: $? = 1
configure:5572: result: @
configure:5630: checking for strip
configure:5646: found /usr/bin/strip
configure:5657: result: strip
configure:5729: checking for ranlib
configure:5745: found /usr/bin/ranlib
configure:5756: result: ranlib
configure:5858: checking command to parse /usr/bin/nm -B output from gcc object
configure:5978: gcc -c -g -O2  conftest.c >&5
configure:5981: $? = 0
configure:5985: /usr/bin/nm -B conftest.o \| sed -n -e 's/^.*[ ]\([ABCDGIRSTW][ABCDGIRSTW]*\)[ ][ ]*\([_A-Za-z][_A-Za-z0-9]*\)$/\1 \2 \2/p' | sed '/ __gnu_lto/d' \> conftest.nm
configure:5988: $? = 0
configure:6054: gcc -o conftest -g -O2   conftest.c conftstm.o >&5
configure:6057: $? = 0
configure:6095: result: ok
configure:6132: checking for sysroot
configure:6162: result: no
configure:6425: checking for mt
configure:6441: found /bin/mt
configure:6452: result: mt
configure:6475: checking if mt is a manifest tool
configure:6481: mt '-?'
configure:6489: result: no
configure:7131: checking how to run the C preprocessor
configure:7162: gcc -E  conftest.c
configure:7162: $? = 0
configure:7176: gcc -E  conftest.c
conftest.c:11:28: fatal error: ac_nonexistent.h: No such file or directory
compilation terminated.
configure:7176: $? = 1
configure: failed program was:
| /* confdefs.h */
| #define PACKAGE_NAME "INF8601-LAB1"
| #define PACKAGE_TARNAME "inf8601-lab1"
| #define PACKAGE_VERSION "2.1.0"
| #define PACKAGE_STRING "INF8601-LAB1 2.1.0"
| #define PACKAGE_BUGREPORT ""
| #define PACKAGE_URL ""
| #define PACKAGE "inf8601-lab1"
| #define VERSION "2.1.0"
| /* end confdefs.h.  */
| #include <ac_nonexistent.h>
configure:7201: result: gcc -E
configure:7221: gcc -E  conftest.c
configure:7221: $? = 0
configure:7235: gcc -E  conftest.c
conftest.c:11:28: fatal error: ac_nonexistent.h: No such file or directory
compilation terminated.
configure:7235: $? = 1
configure: failed program was:
| /* confdefs.h */
| #define PACKAGE_NAME "INF8601-LAB1"
| #define PACKAGE_TARNAME "inf8601-lab1"
| #define PACKAGE_VERSION "2.1.0"
| #define PACKAGE_STRING "INF8601-LAB1 2.1.0"
| #define PACKAGE_BUGREPORT ""
| #define PACKAGE_URL ""
| #define PACKAGE "inf8601-lab1"
| #define VERSION "2.1.0"
| /* end confdefs.h.  */
| #include <ac_nonexistent.h>
configure:7264: checking for ANSI C header files
configure:7284: gcc -c -g -O2  conftest.c >&5
configure:7284: $? = 0
configure:7357: gcc -o conftest -g -O2   conftest.c  >&5
configure:7357: $? = 0
configure:7357: ./conftest
configure:7357: $? = 0
configure:7368: result: yes
configure:7381: checking for sys/types.h
configure:7381: gcc -c -g -O2  conftest.c >&5
configure:7381: $? = 0
configure:7381: result: yes
configure:7381: checking for sys/stat.h
configure:7381: gcc -c -g -O2  conftest.c >&5
configure:7381: $? = 0
configure:7381: result: yes
configure:7381: checking for stdlib.h
configure:7381: gcc -c -g -O2  conftest.c >&5
configure:7381: $? = 0
configure:7381: result: yes
configure:7381: checking for string.h
configure:7381: gcc -c -g -O2  conftest.c >&5
configure:7381: $? = 0
configure:7381: result: yes
configure:7381: checking for memory.h
configure:7381: gcc -c -g -O2  conftest.c >&5
configure:7381: $? = 0
configure:7381: result: yes
configure:7381: checking for strings.h
configure:7381: gcc -c -g -O2  conftest.c >&5
configure:7381: $? = 0
configure:7381: result: yes
configure:7381: checking for inttypes.h
configure:7381: gcc -c -g -O2  conftest.c >&5
configure:7381: $? = 0
configure:7381: result: yes
configure:7381: checking for stdint.h
configure:7381: gcc -c -g -O2  conftest.c >&5
configure:7381: $? = 0
configure:7381: result: yes
configure:7381: checking for unistd.h
configure:7381: gcc -c -g -O2  conftest.c >&5
configure:7381: $? = 0
configure:7381: result: yes
configure:7395: checking for dlfcn.h
configure:7395: gcc -c -g -O2  conftest.c >&5
configure:7395: $? = 0
configure:7395: result: yes
configure:7601: checking for objdir
configure:7616: result: .libs
configure:7883: checking if gcc supports -fno-rtti -fno-exceptions
configure:7901: gcc -c -g -O2  -fno-rtti -fno-exceptions conftest.c >&5
cc1: warning: command line option '-fno-rtti' is valid for C++/ObjC++ but not for C
configure:7905: $? = 0
configure:7918: result: no
configure:8245: checking for gcc option to produce PIC
configure:8252: result: -fPIC -DPIC
configure:8260: checking if gcc PIC flag -fPIC -DPIC works
configure:8278: gcc -c -g -O2  -fPIC -DPIC -DPIC conftest.c >&5
configure:8282: $? = 0
configure:8295: result: yes
configure:8324: checking if gcc static flag -static works
configure:8352: result: yes
configure:8367: checking if gcc supports -c -o file.o
configure:8388: gcc -c -g -O2  -o out/conftest2.o conftest.c >&5
configure:8392: $? = 0
configure:8414: result: yes
configure:8422: checking if gcc supports -c -o file.o
configure:8469: result: yes
configure:8502: checking whether the gcc linker (/usr/bin/ld) supports shared libraries
configure:9659: result: yes
configure:9696: checking whether -lc should be explicitly linked in
configure:9704: gcc -c -g -O2  conftest.c >&5
configure:9707: $? = 0
configure:9722: gcc -shared  -fPIC -DPIC conftest.o  -v -Wl,-soname -Wl,conftest -o conftest 2\>\&1 \| /bin/grep  -lc  \>/dev/null 2\>\&1
configure:9725: $? = 0
configure:9739: result: no
configure:9899: checking dynamic linker characteristics
configure:10399: gcc -o conftest -g -O2   -Wl,-rpath -Wl,/foo conftest.c  >&5
configure:10399: $? = 0
configure:10633: result: GNU/Linux ld.so
configure:10740: checking how to hardcode library paths into programs
configure:10765: result: immediate
configure:11305: checking whether stripping libraries is possible
configure:11310: result: yes
configure:11345: checking if libtool supports shared libraries
configure:11347: result: yes
configure:11350: checking whether to build shared libraries
configure:11371: result: yes
configure:11374: checking whether to build static libraries
configure:11378: result: yes
configure:11419: checking for sys/types.h
configure:11419: result: yes
configure:11419: checking for unistd.h
configure:11419: result: yes
configure:11419: checking fcntl.h usability
configure:11419: gcc -c -g -O2  conftest.c >&5
configure:11419: $? = 0
configure:11419: result: yes
configure:11419: checking fcntl.h presence
configure:11419: gcc -E  conftest.c
configure:11419: $? = 0
configure:11419: result: yes
configure:11419: checking for fcntl.h
configure:11419: result: yes
configure:11419: checking for strings.h
configure:11419: result: yes
configure:11419: checking pthread.h usability
configure:11419: gcc -c -g -O2  conftest.c >&5
configure:11419: $? = 0
configure:11419: result: yes
configure:11419: checking pthread.h presence
configure:11419: gcc -E  conftest.c
configure:11419: $? = 0
configure:11419: result: yes
configure:11419: checking for pthread.h
configure:11419: result: yes
configure:11419: checking time.h usability
configure:11419: gcc -c -g -O2  conftest.c >&5
configure:11419: $? = 0
configure:11419: result: yes
configure:11419: checking time.h presence
configure:11419: gcc -E  conftest.c
configure:11419: $? = 0
configure:11419: result: yes
configure:11419: checking for time.h
configure:11419: result: yes
configure:11419: checking errno.h usability
configure:11419: gcc -c -g -O2  conftest.c >&5
configure:11419: $? = 0
configure:11419: result: yes
configure:11419: checking errno.h presence
configure:11419: gcc -E  conftest.c
configure:11419: $? = 0
configure:11419: result: yes
configure:11419: checking for errno.h
configure:11419: result: yes
configure:11419: checking stdarg.h usability
configure:11419: gcc -c -g -O2  conftest.c >&5
configure:11419: $? = 0
configure:11419: result: yes
configure:11419: checking stdarg.h presence
configure:11419: gcc -E  conftest.c
configure:11419: $? = 0
configure:11419: result: yes
configure:11419: checking for stdarg.h
configure:11419: result: yes
configure:11419: checking limits.h usability
configure:11419: gcc -c -g -O2  conftest.c >&5
configure:11419: $? = 0
configure:11419: result: yes
configure:11419: checking limits.h presence
configure:11419: gcc -E  conftest.c
configure:11419: $? = 0
configure:11419: result: yes
configure:11419: checking for limits.h
configure:11419: result: yes
configure:11419: checking signal.h usability
configure:11419: gcc -c -g -O2  conftest.c >&5
configure:11419: $? = 0
configure:11419: result: yes
configure:11419: checking signal.h presence
configure:11419: gcc -E  conftest.c
configure:11419: $? = 0
configure:11419: result: yes
configure:11419: checking for signal.h
configure:11419: result: yes
configure:11419: checking for stdlib.h
configure:11419: result: yes
configure:11432: checking for inttypes.h
configure:11432: result: yes
configure:11432: checking math.h usability
configure:11432: gcc -c -g -O2  conftest.c >&5
configure:11432: $? = 0
configure:11432: result: yes
configure:11432: checking math.h presence
configure:11432: gcc -E  conftest.c
configure:11432: $? = 0
configure:11432: result: yes
configure:11432: checking for math.h
configure:11432: result: yes
configure:11432: checking tbb/tbb.h usability
configure:11432: gcc -c -g -O2  conftest.c >&5
In file included from /usr/include/tbb/aligned_space.h:24:0,
                 from /usr/include/tbb/tbb.h:35,
                 from conftest.c:69:
/usr/include/tbb/tbb_stddef.h:119:56: fatal error: cstddef: No such file or directory
compilation terminated.
configure:11432: $? = 1
configure: failed program was:
| /* confdefs.h */
| #define PACKAGE_NAME "INF8601-LAB1"
| #define PACKAGE_TARNAME "inf8601-lab1"
| #define PACKAGE_VERSION "2.1.0"
| #define PACKAGE_STRING "INF8601-LAB1 2.1.0"
| #define PACKAGE_BUGREPORT ""
| #define PACKAGE_URL ""
| #define PACKAGE "inf8601-lab1"
| #define VERSION "2.1.0"
| #define STDC_HEADERS 1
| #define HAVE_SYS_TYPES_H 1
| #define HAVE_SYS_STAT_H 1
| #define HAVE_STDLIB_H 1
| #define HAVE_STRING_H 1
| #define HAVE_MEMORY_H 1
| #define HAVE_STRINGS_H 1
| #define HAVE_INTTYPES_H 1
| #define HAVE_STDINT_H 1
| #define HAVE_UNISTD_H 1
| #define HAVE_DLFCN_H 1
| #define LT_OBJDIR ".libs/"
| #define HAVE_SYS_TYPES_H 1
| #define HAVE_UNISTD_H 1
| #define HAVE_FCNTL_H 1
| #define HAVE_STRINGS_H 1
| #define HAVE_PTHREAD_H 1
| #define HAVE_TIME_H 1
| #define HAVE_ERRNO_H 1
| #define HAVE_STDARG_H 1
| #define HAVE_LIMITS_H 1
| #define HAVE_SIGNAL_H 1
| #define HAVE_STDLIB_H 1
| #define HAVE_INTTYPES_H 1
| #define HAVE_MATH_H 1
| /* end confdefs.h.  */
| #include <stdio.h>
| #ifdef HAVE_SYS_TYPES_H
| # include <sys/types.h>
| #endif
| #ifdef HAVE_SYS_STAT_H
| # include <sys/stat.h>
| #endif
| #ifdef STDC_HEADERS
| # include <stdlib.h>
| # include <stddef.h>
| #else
| # ifdef HAVE_STDLIB_H
| #  include <stdlib.h>
| # endif
| #endif
| #ifdef HAVE_STRING_H
| # if !defined STDC_HEADERS && defined HAVE_MEMORY_H
| #  include <memory.h>
| # endif
| # include <string.h>
| #endif
| #ifdef HAVE_STRINGS_H
| # include <strings.h>
| #endif
| #ifdef HAVE_INTTYPES_H
| # include <inttypes.h>
| #endif
| #ifdef HAVE_STDINT_H
| # include <stdint.h>
| #endif
| #ifdef HAVE_UNISTD_H
| # include <unistd.h>
| #endif
| #include <tbb/tbb.h>
configure:11432: result: no
configure:11432: checking tbb/tbb.h presence
configure:11432: gcc -E  conftest.c
In file included from /usr/include/tbb/aligned_space.h:24:0,
                 from /usr/include/tbb/tbb.h:35,
                 from conftest.c:36:
/usr/include/tbb/tbb_stddef.h:119:56: fatal error: cstddef: No such file or directory
compilation terminated.
configure:11432: $? = 1
configure: failed program was:
| /* confdefs.h */
| #define PACKAGE_NAME "INF8601-LAB1"
| #define PACKAGE_TARNAME "inf8601-lab1"
| #define PACKAGE_VERSION "2.1.0"
| #define PACKAGE_STRING "INF8601-LAB1 2.1.0"
| #define PACKAGE_BUGREPORT ""
| #define PACKAGE_URL ""
| #define PACKAGE "inf8601-lab1"
| #define VERSION "2.1.0"
| #define STDC_HEADERS 1
| #define HAVE_SYS_TYPES_H 1
| #define HAVE_SYS_STAT_H 1
| #define HAVE_STDLIB_H 1
| #define HAVE_STRING_H 1
| #define HAVE_MEMORY_H 1
| #define HAVE_STRINGS_H 1
| #define HAVE_INTTYPES_H 1
| #define HAVE_STDINT_H 1
| #define HAVE_UNISTD_H 1
| #define HAVE_DLFCN_H 1
| #define LT_OBJDIR ".libs/"
| #define HAVE_SYS_TYPES_H 1
| #define HAVE_UNISTD_H 1
| #define HAVE_FCNTL_H 1
| #define HAVE_STRINGS_H 1
| #define HAVE_PTHREAD_H 1
| #define HAVE_TIME_H 1
| #define HAVE_ERRNO_H 1
| #define HAVE_STDARG_H 1
| #define HAVE_LIMITS_H 1
| #define HAVE_SIGNAL_H 1
| #define HAVE_STDLIB_H 1
| #define HAVE_INTTYPES_H 1
| #define HAVE_MATH_H 1
| /* end confdefs.h.  */
| #include <tbb/tbb.h>
configure:11432: result: no
configure:11432: checking for tbb/tbb.h
configure:11432: result: no
configure:11442: checking for pthread_create in -lpthread
configure:11467: gcc -o conftest -g -O2   conftest.c -lpthread   >&5
configure:11467: $? = 0
configure:11476: result: yes
configure:11487: checking for TBB_runtime_interface_version in -ltbb
configure:11512: gcc -o conftest -g -O2   conftest.c -ltbb  -lpthread  >&5
configure:11512: $? = 0
configure:11521: result: yes
configure:11532: checking for pow in -lm
configure:11557: gcc -o conftest -g -O2   conftest.c -lm  -ltbb -lpthread  >&5
conftest.c:45:6: warning: conflicting types for built-in function 'pow'
 char pow ();
      ^
configure:11557: $? = 0
configure:11566: result: yes
configure:11577: checking for fclose in -lstdc++
configure:11602: gcc -o conftest -g -O2   conftest.c -lstdc++  -lm -ltbb -lpthread  >&5
configure:11602: $? = 0
configure:11611: result: yes
configure:11626: checking whether to enable debug mode
configure:11637: result: yes
configure:11659: checking for gcc option to support OpenMP
configure:11674: gcc -o conftest -Wall -g -O0 -fno-inline   conftest.c -lstdc++ -lm -ltbb -lpthread  >&5
conftest.c:43:2: error: unknown type name 'choke'
  choke me
  ^
In file included from conftest.c:45:0:
/usr/lib/gcc/i686-linux-gnu/5/include/omp.h:35:1: error: expected '=', ',', ';', 'asm' or '__attribute__' before 'typedef'
 typedef struct
 ^
configure:11674: $? = 1
configure: failed program was:
| /* confdefs.h */
| #define PACKAGE_NAME "INF8601-LAB1"
| #define PACKAGE_TARNAME "inf8601-lab1"
| #define PACKAGE_VERSION "2.1.0"
| #define PACKAGE_STRING "INF8601-LAB1 2.1.0"
| #define PACKAGE_BUGREPORT ""
| #define PACKAGE_URL ""
| #define PACKAGE "inf8601-lab1"
| #define VERSION "2.1.0"
| #define STDC_HEADERS 1
| #define HAVE_SYS_TYPES_H 1
| #define HAVE_SYS_STAT_H 1
| #define HAVE_STDLIB_H 1
| #define HAVE_STRING_H 1
| #define HAVE_MEMORY_H 1
| #define HAVE_STRINGS_H 1
| #define HAVE_INTTYPES_H 1
| #define HAVE_STDINT_H 1
| #define HAVE_UNISTD_H 1
| #define HAVE_DLFCN_H 1
| #define LT_OBJDIR ".libs/"
| #define HAVE_SYS_TYPES_H 1
| #define HAVE_UNISTD_H 1
| #define HAVE_FCNTL_H 1
| #define HAVE_STRINGS_H 1
| #define HAVE_PTHREAD_H 1
| #define HAVE_TIME_H 1
| #define HAVE_ERRNO_H 1
| #define HAVE_STDARG_H 1
| #define HAVE_LIMITS_H 1
| #define HAVE_SIGNAL_H 1
| #define HAVE_STDLIB_H 1
| #define HAVE_INTTYPES_H 1
| #define HAVE_MATH_H 1
| #define HAVE_LIBPTHREAD 1
| #define HAVE_LIBTBB 1
| #define HAVE_LIBM 1
| #define HAVE_LIBSTDC__ 1
| #define DEBUG /**/
| /* end confdefs.h.  */
| 
| #ifndef _OPENMP
|  choke me
| #endif
| #include <omp.h>
| int main () { return omp_get_num_threads (); }
| 
configure:11692: gcc -o conftest -Wall -g -O0 -fno-inline -fopenmp   conftest.c -lstdc++ -lm -ltbb -lpthread  >&5
configure:11692: $? = 0
configure:11706: result: -fopenmp
configure:11730: checking whether make supports nested variables
configure:11747: result: yes
configure:11808: checking for gcc
configure:11835: result: gcc
configure:12064: checking for C compiler version
configure:12073: gcc --version >&5
gcc (Ubuntu 5.4.0-6ubuntu1~16.04.5) 5.4.0 20160609
Copyright (C) 2015 Free Software Foundation, Inc.
This is free software; see the source for copying conditions.  There is NO
warranty; not even for MERCHANTABILITY or FITNESS FOR A PARTICULAR PURPOSE.

configure:12084: $? = 0
configure:12073: gcc -v >&5
Using built-in specs.
COLLECT_GCC=gcc
COLLECT_LTO_WRAPPER=/usr/lib/gcc/i686-linux-gnu/5/lto-wrapper
Target: i686-linux-gnu
Configured with: ../src/configure -v --with-pkgversion='Ubuntu 5.4.0-6ubuntu1~16.04.5' --with-bugurl=file:///usr/share/doc/gcc-5/README.Bugs --enable-languages=c,ada,c++,java,go,d,fortran,objc,obj-c++ --prefix=/usr --program-suffix=-5 --enable-shared --enable-linker-build-id --libexecdir=/usr/lib --without-included-gettext --enable-threads=posix --libdir=/usr/lib --enable-nls --with-sysroot=/ --enable-clocale=gnu --enable-libstdcxx-debug --enable-libstdcxx-time=yes --with-default-libstdcxx-abi=new --enable-gnu-unique-object --disable-vtable-verify --enable-libmpx --enable-plugin --with-system-zlib --disable-browser-plugin --enable-java-awt=gtk --enable-gtk-cairo --with-java-home=/usr/lib/jvm/java-1.5.0-gcj-5-i386/jre --enable-java-home --with-jvm-root-dir=/usr/lib/jvm/java-1.5.0-gcj-5-i386 --with-jvm-jar-dir=/usr/lib/jvm-exports/java-1.5.0-gcj-5-i386 --with-arch-directory=i386 --with-ecj-jar=/usr/share/java/eclipse-ecj.jar --enable-objc-gc --enable-targets=all --enable-multiarch --disable-werror --with-arch-32=i686 --with-multilib-list=m32,m64,mx32 --enable-multilib --with-tune=generic --enable-checking=release --build=i686-linux-gnu --host=i686-linux-gnu --target=i686-linux-gnu
Thread model: posix
gcc version 5.4.0 20160609 (Ubuntu 5.4.0-6ubuntu1~16.04.5) 
configure:12084: $? = 0
configure:12073: gcc -V >&5
gcc: error: unrecognized command line option '-V'
gcc: fatal error: no input files
compilation terminated.
configure:12084: $? = 1
configure:12073: gcc -qversion >&5
gcc: error: unrecognized command line option '-qversion'
gcc: fatal error: no input files
compilation terminated.
configure:12084: $? = 1
configure:12088: checking whether we are using the GNU C compiler
configure:12116: result: yes
configure:12125: checking whether gcc accepts -g
configure:12186: result: yes
configure:12203: checking for gcc option to accept ISO C89
configure:12279: result: none needed
configure:12301: checking dependency style of gcc
configure:12412: result: gcc3
configure:12485: checking for g++
configure:12501: found /usr/bin/g++
configure:12512: result: g++
configure:12539: checking for C++ compiler version
configure:12548: g++ --version >&5
g++ (Ubuntu 5.4.0-6ubuntu1~16.04.5) 5.4.0 20160609
Copyright (C) 2015 Free Software Foundation, Inc.
This is free software; see the source for copying conditions.  There is NO
warranty; not even for MERCHANTABILITY or FITNESS FOR A PARTICULAR PURPOSE.

configure:12559: $? = 0
configure:12548: g++ -v >&5
Using built-in specs.
COLLECT_GCC=g++
COLLECT_LTO_WRAPPER=/usr/lib/gcc/i686-linux-gnu/5/lto-wrapper
Target: i686-linux-gnu
Configured with: ../src/configure -v --with-pkgversion='Ubuntu 5.4.0-6ubuntu1~16.04.5' --with-bugurl=file:///usr/share/doc/gcc-5/README.Bugs --enable-languages=c,ada,c++,java,go,d,fortran,objc,obj-c++ --prefix=/usr --program-suffix=-5 --enable-shared --enable-linker-build-id --libexecdir=/usr/lib --without-included-gettext --enable-threads=posix --libdir=/usr/lib --enable-nls --with-sysroot=/ --enable-clocale=gnu --enable-libstdcxx-debug --enable-libstdcxx-time=yes --with-default-libstdcxx-abi=new --enable-gnu-unique-object --disable-vtable-verify --enable-libmpx --enable-plugin --with-system-zlib --disable-browser-plugin --enable-java-awt=gtk --enable-gtk-cairo --with-java-home=/usr/lib/jvm/java-1.5.0-gcj-5-i386/jre --enable-java-home --with-jvm-root-dir=/usr/lib/jvm/java-1.5.0-gcj-5-i386 --with-jvm-jar-dir=/usr/lib/jvm-exports/java-1.5.0-gcj-5-i386 --with-arch-directory=i386 --with-ecj-jar=/usr/share/java/eclipse-ecj.jar --enable-objc-gc --enable-targets=all --enable-multiarch --disable-werror --with-arch-32=i686 --with-multilib-list=m32,m64,mx32 --enable-multilib --with-tune=generic --enable-checking=release --build=i686-linux-gnu --host=i686-linux-gnu --target=i686-linux-gnu
Thread model: posix
gcc version 5.4.0 20160609 (Ubuntu 5.4.0-6ubuntu1~16.04.5) 
configure:12559: $? = 0
configure:12548: g++ -V >&5
g++: error: unrecognized command line option '-V'
g++: fatal error: no input files
compilation terminated.
configure:12559: $? = 1
configure:12548: g++ -qversion >&5
g++: error: unrecognized command line option '-qversion'
g++: fatal error: no input files
compilation terminated.
configure:12559: $? = 1
configure:12563: checking whether we are using the GNU C++ compiler
configure:12582: g++ -c -Wall -g -O0 -fno-inline -std=c++0x  conftest.cpp >&5
configure:12582: $? = 0
configure:12591: result: yes
configure:12600: checking whether g++ accepts -g
configure:12620: g++ -c -g  conftest.cpp >&5
configure:12620: $? = 0
configure:12661: result: yes
configure:12686: checking dependency style of g++
configure:12797: result: gcc3
configure:12830: checking how to run the C++ preprocessor
configure:12857: g++ -E  conftest.cpp
configure:12857: $? = 0
configure:12871: g++ -E  conftest.cpp
conftest.cpp:41:28: fatal error: ac_nonexistent.h: No such file or directory
compilation terminated.
configure:12871: $? = 1
configure: failed program was:
| /* confdefs.h */
| #define PACKAGE_NAME "INF8601-LAB1"
| #define PACKAGE_TARNAME "inf8601-lab1"
| #define PACKAGE_VERSION "2.1.0"
| #define PACKAGE_STRING "INF8601-LAB1 2.1.0"
| #define PACKAGE_BUGREPORT ""
| #define PACKAGE_URL ""
| #define PACKAGE "inf8601-lab1"
| #define VERSION "2.1.0"
| #define STDC_HEADERS 1
| #define HAVE_SYS_TYPES_H 1
| #define HAVE_SYS_STAT_H 1
| #define HAVE_STDLIB_H 1
| #define HAVE_STRING_H 1
| #define HAVE_MEMORY_H 1
| #define HAVE_STRINGS_H 1
| #define HAVE_INTTYPES_H 1
| #define HAVE_STDINT_H 1
| #define HAVE_UNISTD_H 1
| #define HAVE_DLFCN_H 1
| #define LT_OBJDIR ".libs/"
| #define HAVE_SYS_TYPES_H 1
| #define HAVE_UNISTD_H 1
| #define HAVE_FCNTL_H 1
| #define HAVE_STRINGS_H 1
| #define HAVE_PTHREAD_H 1
| #define HAVE_TIME_H 1
| #define HAVE_ERRNO_H 1
| #define HAVE_STDARG_H 1
| #define HAVE_LIMITS_H 1
| #define HAVE_SIGNAL_H 1
| #define HAVE_STDLIB_H 1
| #define HAVE_INTTYPES_H 1
| #define HAVE_MATH_H 1
| #define HAVE_LIBPTHREAD 1
| #define HAVE_LIBTBB 1
| #define HAVE_LIBM 1
| #define HAVE_LIBSTDC__ 1
| #define DEBUG /**/
| /* end confdefs.h.  */
| #include <ac_nonexistent.h>
configure:12896: result: g++ -E
configure:12916: g++ -E  conftest.cpp
configure:12916: $? = 0
configure:12930: g++ -E  conftest.cpp
conftest.cpp:41:28: fatal error: ac_nonexistent.h: No such file or directory
compilation terminated.
configure:12930: $? = 1
configure: failed program was:
| /* confdefs.h */
| #define PACKAGE_NAME "INF8601-LAB1"
| #define PACKAGE_TARNAME "inf8601-lab1"
| #define PACKAGE_VERSION "2.1.0"
| #define PACKAGE_STRING "INF8601-LAB1 2.1.0"
| #define PACKAGE_BUGREPORT ""
| #define PACKAGE_URL ""
| #define PACKAGE "inf8601-lab1"
| #define VERSION "2.1.0"
| #define STDC_HEADERS 1
| #define HAVE_SYS_TYPES_H 1
| #define HAVE_SYS_STAT_H 1
| #define HAVE_STDLIB_H 1
| #define HAVE_STRING_H 1
| #define HAVE_MEMORY_H 1
| #define HAVE_STRINGS_H 1
| #define HAVE_INTTYPES_H 1
| #define HAVE_STDINT_H 1
| #define HAVE_UNISTD_H 1
| #define HAVE_DLFCN_H 1
| #define LT_OBJDIR ".libs/"
| #define HAVE_SYS_TYPES_H 1
| #define HAVE_UNISTD_H 1
| #define HAVE_FCNTL_H 1
| #define HAVE_STRINGS_H 1
| #define HAVE_PTHREAD_H 1
| #define HAVE_TIME_H 1
| #define HAVE_ERRNO_H 1
| #define HAVE_STDARG_H 1
| #define HAVE_LIMITS_H 1
| #define HAVE_SIGNAL_H 1
| #define HAVE_STDLIB_H 1
| #define HAVE_INTTYPES_H 1
| #define HAVE_MATH_H 1
| #define HAVE_LIBPTHREAD 1
| #define HAVE_LIBTBB 1
| #define HAVE_LIBM 1
| #define HAVE_LIBSTDC__ 1
| #define DEBUG /**/
| /* end confdefs.h.  */
| #include <ac_nonexistent.h>
configure:13099: checking for ld used by g++
configure:13166: result: /usr/bin/ld
configure:13173: checking if the linker (/usr/bin/ld) is GNU ld
configure:13188: result: yes
configure:13243: checking whether the g++ linker (/usr/bin/ld) supports shared libraries
configure:14245: result: yes
configure:14281: g++ -c -Wall -g -O0 -fno-inline -std=c++0x  conftest.cpp >&5
configure:14284: $? = 0
configure:14804: checking for g++ option to produce PIC
configure:14811: result: -fPIC -DPIC
configure:14819: checking if g++ PIC flag -fPIC -DPIC works
configure:14837: g++ -c -Wall -g -O0 -fno-inline -std=c++0x  -fPIC -DPIC -DPIC conftest.cpp >&5
configure:14841: $? = 0
configure:14854: result: yes
configure:14877: checking if g++ static flag -static works
configure:14905: result: no
configure:14917: checking if g++ supports -c -o file.o
configure:14938: g++ -c -Wall -g -O0 -fno-inline -std=c++0x  -o out/conftest2.o conftest.cpp >&5
configure:14942: $? = 0
configure:14964: result: yes
configure:14969: checking if g++ supports -c -o file.o
configure:15016: result: yes
configure:15046: checking whether the g++ linker (/usr/bin/ld) supports shared libraries
configure:15085: result: yes
configure:15226: checking dynamic linker characteristics
configure:15894: result: GNU/Linux ld.so
configure:15947: checking how to hardcode library paths into programs
configure:15972: result: immediate
configure:16013: checking whether gcc and cc understand -c and -o together
configure:16044: gcc -c conftest.c -o conftest2.o >&5
configure:16048: $? = 0
configure:16054: gcc -c conftest.c -o conftest2.o >&5
configure:16058: $? = 0
configure:16069: cc -c conftest.c >&5
configure:16073: $? = 0
configure:16081: cc -c conftest.c -o conftest2.o >&5
configure:16085: $? = 0
configure:16091: cc -c conftest.c -o conftest2.o >&5
configure:16095: $? = 0
configure:16113: result: yes
configure:16181: checking for ranlib
configure:16208: result: ranlib
configure:16370: creating ./config.status

## ---------------------- ##
## Running config.status. ##
## ---------------------- ##

This file was extended by INF8601-LAB1 config.status 2.1.0, which was
generated by GNU Autoconf 2.69.  Invocation command line was

  CONFIG_FILES    = 
  CONFIG_HEADERS  = 
  CONFIG_LINKS    = 
  CONFIG_COMMANDS = 
  $ ./config.status 

on louis-vm

config.status:1164: creating Makefile
config.status:1164: creating tests/Makefile
config.status:1164: creating src/Makefile
config.status:1164: creating config.h
config.status:1345: config.h is unchanged
config.status:1393: executing depfiles commands
config.status:1393: executing libtool commands

## ---------------- ##
## Cache variables. ##
## ---------------- ##

ac_cv_build=i686-pc-linux-gnu
ac_cv_c_compiler_gnu=yes
ac_cv_cxx_compiler_gnu=yes
ac_cv_env_CCC_set=
ac_cv_env_CCC_value=
ac_cv_env_CC_set=
ac_cv_env_CC_value=
ac_cv_env_CFLAGS_set=
ac_cv_env_CFLAGS_value=
ac_cv_env_CPPFLAGS_set=
ac_cv_env_CPPFLAGS_value=
ac_cv_env_CPP_set=
ac_cv_env_CPP_value=
ac_cv_env_CXXCPP_set=
ac_cv_env_CXXCPP_value=
ac_cv_env_CXXFLAGS_set=
ac_cv_env_CXXFLAGS_value=
ac_cv_env_CXX_set=
ac_cv_env_CXX_value=
ac_cv_env_LDFLAGS_set=
ac_cv_env_LDFLAGS_value=
ac_cv_env_LIBS_set=
ac_cv_env_LIBS_value=
ac_cv_env_build_alias_set=
ac_cv_env_build_alias_value=
ac_cv_env_host_alias_set=
ac_cv_env_host_alias_value=
ac_cv_env_target_alias_set=
ac_cv_env_target_alias_value=
ac_cv_header_dlfcn_h=yes
ac_cv_header_errno_h=yes
ac_cv_header_fcntl_h=yes
ac_cv_header_inttypes_h=yes
ac_cv_header_limits_h=yes
ac_cv_header_math_h=yes
ac_cv_header_memory_h=yes
ac_cv_header_pthread_h=yes
ac_cv_header_signal_h=yes
ac_cv_header_stdarg_h=yes
ac_cv_header_stdc=yes
ac_cv_header_stdint_h=yes
ac_cv_header_stdlib_h=yes
ac_cv_header_string_h=yes
ac_cv_header_strings_h=yes
ac_cv_header_sys_stat_h=yes
ac_cv_header_sys_types_h=yes
ac_cv_header_tbb_tbb_h=no
ac_cv_header_time_h=yes
ac_cv_header_unistd_h=yes
ac_cv_host=i686-pc-linux-gnu
ac_cv_lib_m_pow=yes
ac_cv_lib_pthread_pthread_create=yes
ac_cv_lib_stdcpp_fclose=yes
ac_cv_lib_tbb_TBB_runtime_interface_version=yes
ac_cv_objext=o
ac_cv_path_EGREP='/bin/grep -E'
ac_cv_path_FGREP='/bin/grep -F'
ac_cv_path_GREP=/bin/grep
ac_cv_path_SED=/bin/sed
ac_cv_path_install='/usr/bin/install -c'
ac_cv_path_mkdir=/bin/mkdir
ac_cv_prog_AWK=gawk
ac_cv_prog_CPP='gcc -E'
ac_cv_prog_CXXCPP='g++ -E'
ac_cv_prog_ac_ct_AR=ar
ac_cv_prog_ac_ct_CC=gcc
ac_cv_prog_ac_ct_CXX=g++
ac_cv_prog_ac_ct_MANIFEST_TOOL=mt
ac_cv_prog_ac_ct_OBJDUMP=objdump
ac_cv_prog_ac_ct_RANLIB=ranlib
ac_cv_prog_ac_ct_STRIP=strip
ac_cv_prog_c_openmp=-fopenmp
ac_cv_prog_cc_c89=
ac_cv_prog_cc_g=yes
ac_cv_prog_cc_gcc_c_o=yes
ac_cv_prog_cxx_g=yes
ac_cv_prog_make_make_set=yes
am_cv_CC_dependencies_compiler_type=gcc3
am_cv_CXX_dependencies_compiler_type=gcc3
am_cv_make_support_nested_variables=yes
lt_cv_ar_at_file=@
lt_cv_archive_cmds_need_lc=no
lt_cv_deplibs_check_method=pass_all
lt_cv_file_magic_cmd='$MAGIC_CMD'
lt_cv_file_magic_test_file=
lt_cv_ld_reload_flag=-r
lt_cv_nm_interface='BSD nm'
lt_cv_objdir=.libs
lt_cv_path_LD=/usr/bin/ld
lt_cv_path_LDCXX=/usr/bin/ld
lt_cv_path_NM='/usr/bin/nm -B'
lt_cv_path_mainfest_tool=no
lt_cv_prog_compiler_c_o=yes
lt_cv_prog_compiler_c_o_CXX=yes
lt_cv_prog_compiler_pic='-fPIC -DPIC'
lt_cv_prog_compiler_pic_CXX='-fPIC -DPIC'
lt_cv_prog_compiler_pic_works=yes
lt_cv_prog_compiler_pic_works_CXX=yes
lt_cv_prog_compiler_rtti_exceptions=no
lt_cv_prog_compiler_static_works=yes
lt_cv_prog_compiler_static_works_CXX=no
lt_cv_prog_gnu_ld=yes
lt_cv_prog_gnu_ldcxx=yes
lt_cv_sharedlib_from_linklib_cmd='printf %s\n'
lt_cv_shlibpath_overrides_runpath=no
lt_cv_sys_global_symbol_pipe='sed -n -e '\''s/^.*[	 ]\([ABCDGIRSTW][ABCDGIRSTW]*\)[	 ][	 ]*\([_A-Za-z][_A-Za-z0-9]*\)$/\1 \2 \2/p'\'' | sed '\''/ __gnu_lto/d'\'''
lt_cv_sys_global_symbol_to_c_name_address='sed -n -e '\''s/^: \([^ ]*\)[ ]*$/  {\"\1\", (void *) 0},/p'\'' -e '\''s/^[ABCDGIRSTW]* \([^ ]*\) \([^ ]*\)$/  {"\2", (void *) \&\2},/p'\'''
lt_cv_sys_global_symbol_to_c_name_address_lib_prefix='sed -n -e '\''s/^: \([^ ]*\)[ ]*$/  {\"\1\", (void *) 0},/p'\'' -e '\''s/^[ABCDGIRSTW]* \([^ ]*\) \(lib[^ ]*\)$/  {"\2", (void *) \&\2},/p'\'' -e '\''s/^[ABCDGIRSTW]* \([^ ]*\) \([^ ]*\)$/  {"lib\2", (void *) \&\2},/p'\'''
lt_cv_sys_global_symbol_to_cdecl='sed -n -e '\''s/^T .* \(.*\)$/extern int \1();/p'\'' -e '\''s/^[ABCDGIRSTW]* .* \(.*\)$/extern char \1;/p'\'''
lt_cv_sys_max_cmd_len=1572864
lt_cv_to_host_file_cmd=func_convert_file_noop
lt_cv_to_tool_file_cmd=func_convert_file_noop

## ----------------- ##
## Output variables. ##
## ----------------- ##

ACLOCAL='${SHELL} /media/sf_Parallel-system/inf8601-lab1-2.1.0/missing --run aclocal-1.11'
AMDEPBACKSLASH='\'
AMDEP_FALSE='#'
AMDEP_TRUE=''
AMTAR='$${TAR-tar}'
AM_BACKSLASH='\'
AM_DEFAULT_V='$(AM_DEFAULT_VERBOSITY)'
AM_DEFAULT_VERBOSITY='0'
AM_V='$(V)'
AR='ar'
AUTOCONF='${SHELL} /media/sf_Parallel-system/inf8601-lab1-2.1.0/missing --run autoconf'
AUTOHEADER='${SHELL} /media/sf_Parallel-system/inf8601-lab1-2.1.0/missing --run autoheader'
AUTOMAKE='${SHELL} /media/sf_Parallel-system/inf8601-lab1-2.1.0/missing --run automake-1.11'
AWK='gawk'
CC='gcc'
CCDEPMODE='depmode=gcc3'
CFLAGS='-Wall -g -O0 -fno-inline'
CPP='gcc -E'
CPPFLAGS=''
CXX='g++'
CXXCPP='g++ -E'
CXXDEPMODE='depmode=gcc3'
CXXFLAGS='-Wall -g -O0 -fno-inline -std=c++0x'
CYGPATH_W='echo'
DEFS='-DHAVE_CONFIG_H'
DEPDIR='.deps'
DLLTOOL='false'
DSYMUTIL=''
DUMPBIN=''
ECHO_C=''
ECHO_N='-n'
ECHO_T=''
EGREP='/bin/grep -E'
EXEEXT=''
FGREP='/bin/grep -F'
GREP='/bin/grep'
INSTALL_DATA='${INSTALL} -m 644'
INSTALL_PROGRAM='${INSTALL}'
INSTALL_SCRIPT='${INSTALL}'
INSTALL_STRIP_PROGRAM='$(install_sh) -c -s'
LD='/usr/bin/ld'
LDFLAGS=''
LIBOBJS=''
LIBS='-lstdc++ -lm -ltbb -lpthread '
LIBTOOL='$(SHELL) $(top_builddir)/libtool'
LIPO=''
LN_S='cp -pR'
LTLIBOBJS=''
MAKEINFO='${SHELL} /media/sf_Parallel-system/inf8601-lab1-2.1.0/missing --run makeinfo'
MANIFEST_TOOL=':'
MKDIR_P='/bin/mkdir -p'
NM='/usr/bin/nm -B'
NMEDIT=''
OBJDUMP='objdump'
OBJEXT='o'
OPENMP_CFLAGS='-fopenmp'
OTOOL64=''
OTOOL=''
PACKAGE='inf8601-lab1'
PACKAGE_BUGREPORT=''
PACKAGE_NAME='INF8601-LAB1'
PACKAGE_STRING='INF8601-LAB1 2.1.0'
PACKAGE_TARNAME='inf8601-lab1'
PACKAGE_URL=''
PACKAGE_VERSION='2.1.0'
PATH_SEPARATOR=':'
RANLIB='ranlib'
SED='/bin/sed'
SET_MAKE=''
SHELL='/bin/bash'
STRIP='strip'
VERSION='2.1.0'
ac_ct_AR='ar'
ac_ct_CC='gcc'
ac_ct_CXX='g++'
ac_ct_DUMPBIN=''
am__EXEEXT_FALSE=''
am__EXEEXT_TRUE='#'
am__fastdepCC_FALSE='#'
am__fastdepCC_TRUE=''
am__fastdepCXX_FALSE='#'
am__fastdepCXX_TRUE=''
am__include='include'
am__isrc=''
am__leading_dot='.'
am__nodep='_no'
am__quote=''
am__tar='$${TAR-tar} chof - "$$tardir"'
am__untar='$${TAR-tar} xf -'
bindir='${exec_prefix}/bin'
build='i686-pc-linux-gnu'
build_alias=''
build_cpu='i686'
build_os='linux-gnu'
build_vendor='pc'
datadir='${datarootdir}'
datarootdir='${prefix}/share'
docdir='${datarootdir}/doc/${PACKAGE_TARNAME}'
dvidir='${docdir}'
exec_prefix='${prefix}'
host='i686-pc-linux-gnu'
host_alias=''
host_cpu='i686'
host_os='linux-gnu'
host_vendor='pc'
htmldir='${docdir}'
includedir='${prefix}/include'
infodir='${datarootdir}/info'
install_sh='${SHELL} /media/sf_Parallel-system/inf8601-lab1-2.1.0/install-sh'
libdir='${exec_prefix}/lib'
libexecdir='${exec_prefix}/libexec'
localedir='${datarootdir}/locale'
localstatedir='${prefix}/var'
mandir='${datarootdir}/man'
mkdir_p='/bin/mkdir -p'
oldincludedir='/usr/include'
pdfdir='${docdir}'
prefix='/usr/local'
program_transform_name='s,x,x,'
psdir='${docdir}'
sbindir='${exec_prefix}/sbin'
sharedstatedir='${prefix}/com'
sysconfdir='${prefix}/etc'
target_alias=''

## ----------- ##
## confdefs.h. ##
## ----------- ##

/* confdefs.h */
#define PACKAGE_NAME "INF8601-LAB1"
#define PACKAGE_TARNAME "inf8601-lab1"
#define PACKAGE_VERSION "2.1.0"
#define PACKAGE_STRING "INF8601-LAB1 2.1.0"
#define PACKAGE_BUGREPORT ""
#define PACKAGE_URL ""
#define PACKAGE "inf8601-lab1"
#define VERSION "2.1.0"
#define STDC_HEADERS 1
#define HAVE_SYS_TYPES_H 1
#define HAVE_SYS_STAT_H 1
#define HAVE_STDLIB_H 1
#define HAVE_STRING_H 1
#define HAVE_MEMORY_H 1
#define HAVE_STRINGS_H 1
#define HAVE_INTTYPES_H 1
#define HAVE_STDINT_H 1
#define HAVE_UNISTD_H 1
#define HAVE_DLFCN_H 1
#define LT_OBJDIR ".libs/"
#define HAVE_SYS_TYPES_H 1
#define HAVE_UNISTD_H 1
#define HAVE_FCNTL_H 1
#define HAVE_STRINGS_H 1
#define HAVE_PTHREAD_H 1
#define HAVE_TIME_H 1
#define HAVE_ERRNO_H 1
#define HAVE_STDARG_H 1
#define HAVE_LIMITS_H 1
#define HAVE_SIGNAL_H 1
#define HAVE_STDLIB_H 1
#define HAVE_INTTYPES_H 1
#define HAVE_MATH_H 1
#define HAVE_LIBPTHREAD 1
#define HAVE_LIBTBB 1
#define HAVE_LIBM 1
#define HAVE_LIBSTDC__ 1
#define DEBUG /**/

configure: exit 0
